<?xml version="1.0" encoding="UTF-8"?>
<!-- Generated by org.testng.reporters.JUnitXMLReporter -->
<testsuite hostname="A12433" ignored="0" name="Test" tests="2" failures="2" timestamp="2021-08-04T20:04:48 IST" time="80.264" errors="0">
  <testcase name="ApiDemosApp" time="39.254" classname="Appium_Automation.ApiDemoTest">
    <failure type="java.lang.NullPointerException">
      <![CDATA[java.lang.NullPointerException
at Appium_Automation.ApiDemoTest.ApiDemosApp(ApiDemoTest.java:31)
at java.util.ArrayList.forEach(ArrayList.java:1257)
... Removed 27 stack frames]]>
    </failure>
  </testcase> <!-- ApiDemosApp -->
  <testcase name="ApiDemosApp" time="38.839" classname="Appium_Automation.ApiDemoTest">
    <failure type="java.lang.NullPointerException">
      <![CDATA[java.lang.NullPointerException
at Appium_Automation.ApiDemoTest.ApiDemosApp(ApiDemoTest.java:31)
at java.util.ArrayList.forEach(ArrayList.java:1257)
... Removed 27 stack frames]]>
    </failure>
  </testcase> <!-- ApiDemosApp -->
</testsuite> <!-- Test -->
