<?xml version="1.0" encoding="UTF-8"?>
<testng-results skipped="0" failed="0" ignored="0" total="3" passed="3">
  <reporter-output>
  </reporter-output>
  <suite name="ParallelTestSuite" duration-ms="68833" started-at="2021-08-04T20:59:55 IST" finished-at="2021-08-04T21:01:04 IST">
    <groups>
    </groups>
    <test name="ECommerceTest" duration-ms="38991" started-at="2021-08-04T20:59:55 IST" finished-at="2021-08-04T21:00:34 IST">
      <class name="cloud.GeneralStoreAppTest">
        <test-method status="PASS" signature="homeScreenTest()[pri:0, instance:cloud.GeneralStoreAppTest@4fb64261]" name="homeScreenTest" duration-ms="38961" started-at="2021-08-04T20:59:55 IST" finished-at="2021-08-04T21:00:34 IST">
          <reporter-output>
          </reporter-output>
        </test-method> <!-- homeScreenTest -->
      </class> <!-- cloud.GeneralStoreAppTest -->
    </test> <!-- ECommerceTest -->
    <test name="ApiDemosTest" duration-ms="68833" started-at="2021-08-04T20:59:55 IST" finished-at="2021-08-04T21:01:04 IST">
      <class name="cloud.ApiDemoTest">
        <test-method status="PASS" signature="ApiDemosApp(java.lang.String)[pri:0, instance:cloud.ApiDemoTest@8646db9]" name="ApiDemosApp" duration-ms="41573" started-at="2021-08-04T20:59:55 IST" data-provider="InputData" finished-at="2021-08-04T21:00:37 IST">
          <params>
            <param index="0">
              <value>
                <![CDATA[hello]]>
              </value>
            </param>
          </params>
          <reporter-output>
          </reporter-output>
        </test-method> <!-- ApiDemosApp -->
        <test-method status="PASS" signature="ApiDemosApp(java.lang.String)[pri:0, instance:cloud.ApiDemoTest@8646db9]" name="ApiDemosApp" duration-ms="27230" started-at="2021-08-04T21:00:37 IST" data-provider="InputData" finished-at="2021-08-04T21:01:04 IST">
          <params>
            <param index="0">
              <value>
                <![CDATA[@#$%^]]>
              </value>
            </param>
          </params>
          <reporter-output>
          </reporter-output>
        </test-method> <!-- ApiDemosApp -->
      </class> <!-- cloud.ApiDemoTest -->
    </test> <!-- ApiDemosTest -->
  </suite> <!-- ParallelTestSuite -->
</testng-results>
